Release 12.4 - platgen Xilinx EDK 12.4 Build EDK_MS4.81d
 (nt64)
Copyright (c) 1995-2010 Xilinx, Inc.  All rights reserved.

Command Line: platgen -p xc3s1200efg320-4 -lang vhdl -msg
__xps/ise/xmsgprops.lst system.mhs 

ERROR:EDK - INFO:Security:50 - The XILINXD_LICENSE_FILE environment variable is
   set to '2100@proton.ece.unm.edu'.
   INFO:Security:52 - The LM_LICENSE_FILE environment variable is set to
   '2100@proton.ece.unm.edu'.
   INFO:Security:68 - Please run the Xilinx License Configuration Manager
          (xlcm or "Manage Xilinx Licenses")
          to assist in obtaining a license.
   WARNING:Security:43 - No license file was found in the standard Xilinx
   license directory.
   WARNING:Security:44 - No license file was found.
          Please run the Xilinx License Configuration Manager
          (xlcm or "Manage Xilinx Licenses")
          to assist in obtaining a license.
   ERROR:Security:14 - No feature was available for 'XPS'.

   License server machine is down or not responding.
    See the system adminstrator about starting the license server system, or
    make sure you're referring to the right host (see LM_LICENSE_FILE).
   Feature:       XPS
   Hostname:      129.24.24.20
   License path: 
   2100@proton.ece.unm.edu;C:/.Xilinx;C:\Xilinx\12.4\ISE_DS\EDK/data\*.lic;C:\Xi
   linx\12.4\ISE_DS\ISE/data\*.lic;C:\Xilinx\12.4\ISE_DS\ISE/coregen/core_licens
   es\Xilinx.lic;C:\Xilinx\12.4\ISE_DS\ISE/coregen/core_licenses\XilinxFree.lic;
   C:\Xilinx\12.4\ISE_DS\EDK/data/core_licenses\Xilinx.lic;
   FLEXnet Licensing error:-96,491.  System Error: 2 ""
   For further information, refer to the FLEXnet Licensing documentation,
   available at "www.acresso.com".
ERROR:EDK:440 - platgen failed with errors!
