Saved contents of this file to system_log.13.3 during revup to EDK 13.4.

Xilinx Platform Studio (XPS)
Xilinx EDK 13.4 Build EDK_O.87xd
Copyright (c) 1995-2011 Xilinx, Inc.  All rights reserved.

WARNING:EDK:4088 - IPNAME: lmb_v10, INSTANCE: ilmb - Superseded core for architecture 'spartan3e' - D:\Kaaj\Proj\DT_FINAL\XPS\system.mhs line 58 
WARNING:EDK:4088 - IPNAME: lmb_v10, INSTANCE: dlmb - Superseded core for architecture 'spartan3e' - D:\Kaaj\Proj\DT_FINAL\XPS\system.mhs line 65 
WARNING:EDK:4088 - IPNAME: lmb_bram_if_cntlr, INSTANCE: dlmb_cntlr - Superseded core for architecture 'spartan3e' - D:\Kaaj\Proj\DT_FINAL\XPS\system.mhs line 72 
WARNING:EDK:4088 - IPNAME: lmb_bram_if_cntlr, INSTANCE: ilmb_cntlr - Superseded core for architecture 'spartan3e' - D:\Kaaj\Proj\DT_FINAL\XPS\system.mhs line 81 
ERROR:EDK:1405 - File not found in any repository 'decisiontreeclean_v1_00_a/hdl/vhdl/dt_example_pack.vhd'
ERROR:EDK:1405 - File not found in any repository 'decisiontreeclean_v1_00_a/hdl/vhdl/dt_example.vhd'
ERROR:EDK:1405 - File not found in any repository 'decisiontreeclean_v1_00_a/hdl/vhdl/dt_4stage.vhd'
ERROR:EDK:1405 - File not found in any repository 'decisiontreeclean_v1_00_a/hdl/vhdl/user_logic.vhd'
ERROR:EDK:1405 - File not found in any repository 'decisiontreeclean_v1_00_a/hdl/vhdl/decisiontreeclean.vhd'
Writing filter settings....
Done writing filter settings to:
	D:\Kaaj\Proj\DT_FINAL\XPS\etc\system.filters
Done writing Tab View settings to:
	D:\Kaaj\Proj\DT_FINAL\XPS\etc\system.gui
Xilinx Platform Studio (XPS)
Xilinx EDK 13.4 Build EDK_O.87xd
Copyright (c) 1995-2011 Xilinx, Inc.  All rights reserved.

WARNING:EDK:4088 - IPNAME: lmb_v10, INSTANCE: ilmb - Superseded core for architecture 'spartan3e' - D:\Kaaj\Proj\DT_FINAL\XPS\_xps_tempmhsfilename.mhs line 45 
WARNING:EDK:4088 - IPNAME: lmb_v10, INSTANCE: dlmb - Superseded core for architecture 'spartan3e' - D:\Kaaj\Proj\DT_FINAL\XPS\_xps_tempmhsfilename.mhs line 52 
WARNING:EDK:4088 - IPNAME: lmb_bram_if_cntlr, INSTANCE: dlmb_cntlr - Superseded core for architecture 'spartan3e' - D:\Kaaj\Proj\DT_FINAL\XPS\_xps_tempmhsfilename.mhs line 59 
WARNING:EDK:4088 - IPNAME: lmb_bram_if_cntlr, INSTANCE: ilmb_cntlr - Superseded core for architecture 'spartan3e' - D:\Kaaj\Proj\DT_FINAL\XPS\_xps_tempmhsfilename.mhs line 68 
