Release 12.4 - xst M.81d (nt64)
Copyright (c) 1995-2010 Xilinx, Inc.  All rights reserved.
--> Parameter TMPDIR set to xst/projnav.tmp


Total REAL time to Xst completion: 0.00 secs
Total CPU time to Xst completion: 0.06 secs
 
--> Parameter xsthdpdir set to xst


Total REAL time to Xst completion: 0.00 secs
Total CPU time to Xst completion: 0.06 secs
 
--> Reading design: plbv46_slave_single.prj

TABLE OF CONTENTS
  1) Synthesis Options Summary
  2) HDL Compilation
  3) Design Hierarchy Analysis
  4) HDL Analysis
  5) HDL Synthesis
     5.1) HDL Synthesis Report
  6) Advanced HDL Synthesis
     6.1) Advanced HDL Synthesis Report
  7) Low Level Synthesis
  8) Partition Report
  9) Final Report
	9.1) Device utilization summary
	9.2) Partition Resource Summary
	9.3) TIMING REPORT


=========================================================================
*                      Synthesis Options Summary                        *
=========================================================================
---- Source Parameters
Input File Name                    : "plbv46_slave_single.prj"
Input Format                       : mixed
Ignore Synthesis Constraint File   : NO

---- Target Parameters
Output File Name                   : "plbv46_slave_single"
Output Format                      : NGC
Target Device                      : xc3s1200e-4-fg320

---- Source Options
Top Module Name                    : plbv46_slave_single
Automatic FSM Extraction           : YES
FSM Encoding Algorithm             : Auto
Safe Implementation                : No
FSM Style                          : LUT
RAM Extraction                     : Yes
RAM Style                          : Auto
ROM Extraction                     : Yes
Mux Style                          : Auto
Decoder Extraction                 : YES
Priority Encoder Extraction        : Yes
Shift Register Extraction          : YES
Logical Shifter Extraction         : YES
XOR Collapsing                     : YES
ROM Style                          : Auto
Mux Extraction                     : Yes
Resource Sharing                   : YES
Asynchronous To Synchronous        : NO
Multiplier Style                   : Auto
Automatic Register Balancing       : No

---- Target Options
Add IO Buffers                     : YES
Global Maximum Fanout              : 500
Add Generic Clock Buffer(BUFG)     : 24
Register Duplication               : YES
Slice Packing                      : YES
Optimize Instantiated Primitives   : NO
Use Clock Enable                   : Yes
Use Synchronous Set                : Yes
Use Synchronous Reset              : Yes
Pack IO Registers into IOBs        : Auto
Equivalent register Removal        : YES

---- General Options
Optimization Goal                  : Speed
Optimization Effort                : 1
Keep Hierarchy                     : No
Netlist Hierarchy                  : As_Optimized
RTL Output                         : Yes
Global Optimization                : AllClockNets
Read Cores                         : YES
Write Timing Constraints           : NO
Cross Clock Analysis               : NO
Hierarchy Separator                : /
Bus Delimiter                      : <>
Case Specifier                     : Maintain
Slice Utilization Ratio            : 100
BRAM Utilization Ratio             : 100
Verilog 2001                       : YES
Auto BRAM Packing                  : NO
Slice Utilization Ratio Delta      : 5

---- Other Options
Cores Search Directories           : {"ipcore_dir"  }

=========================================================================


=========================================================================
*                          HDL Compilation                              *
=========================================================================
Compiling vhdl file "C:/Xilinx/12.4/ISE_DS/EDK/hw/XilinxProcessorIPLib/pcores/proc_common_v3_00_a/hdl/vhdl/proc_common_pkg.vhd" in Library proc_common_v3_00_a.
Architecture proc_common_pkg of Entity proc_common_pkg is up to date.
Compiling vhdl file "C:/Xilinx/12.4/ISE_DS/EDK/hw/XilinxProcessorIPLib/pcores/proc_common_v3_00_a/hdl/vhdl/or_muxcy.vhd" in Library proc_common_v3_00_a.
Architecture implementation of Entity or_muxcy is up to date.
Compiling vhdl file "C:/Xilinx/12.4/ISE_DS/EDK/hw/XilinxProcessorIPLib/pcores/proc_common_v3_00_a/hdl/vhdl/family_support.vhd" in Library proc_common_v3_00_a.
Architecture family_support of Entity family_support is up to date.
Compiling vhdl file "C:/Xilinx/12.4/ISE_DS/EDK/hw/XilinxProcessorIPLib/pcores/proc_common_v3_00_a/hdl/vhdl/counter_f.vhd" in Library proc_common_v3_00_a.
Architecture imp of Entity counter_f is up to date.
Compiling vhdl file "C:/Xilinx/12.4/ISE_DS/EDK/hw/XilinxProcessorIPLib/pcores/proc_common_v3_00_a/hdl/vhdl/pselect_f.vhd" in Library proc_common_v3_00_a.
Architecture imp of Entity pselect_f is up to date.
Compiling vhdl file "C:/Xilinx/12.4/ISE_DS/EDK/hw/XilinxProcessorIPLib/pcores/proc_common_v3_00_a/hdl/vhdl/or_gate128.vhd" in Library proc_common_v3_00_a.
Architecture imp of Entity or_gate128 is up to date.
Compiling vhdl file "C:/Xilinx/12.4/ISE_DS/EDK/hw/XilinxProcessorIPLib/pcores/proc_common_v3_00_a/hdl/vhdl/ipif_pkg.vhd" in Library proc_common_v3_00_a.
Architecture ipif_pkg of Entity ipif_pkg is up to date.
Compiling vhdl file "C:/Xilinx/12.4/ISE_DS/EDK/hw/XilinxProcessorIPLib/pcores/plbv46_slave_single_v1_01_a/hdl/vhdl/plb_address_decoder.vhd" in Library plbv46_slave_single_v1_01_a.
Architecture imp of Entity plb_address_decoder is up to date.
Compiling vhdl file "C:/Xilinx/12.4/ISE_DS/EDK/hw/XilinxProcessorIPLib/pcores/plbv46_slave_single_v1_01_a/hdl/vhdl/plb_slave_attachment.vhd" in Library plbv46_slave_single_v1_01_a.
Architecture implementation of Entity plb_slave_attachment is up to date.
Compiling vhdl file "C:/Xilinx/12.4/ISE_DS/EDK/hw/XilinxProcessorIPLib/pcores/plbv46_slave_single_v1_01_a/hdl/vhdl/plbv46_slave_single.vhd" in Library plbv46_slave_single_v1_01_a.
Architecture implementation of Entity plbv46_slave_single is up to date.
Compiling vhdl file "C:/research/DT_FINAL/XPS/pcores/decisiontreeclean_v1_00_a/hdl/vhdl/dt_example_pack.vhd" in Library work.

=========================================================================
*                     Design Hierarchy Analysis                         *
=========================================================================
Analyzing hierarchy for entity <plbv46_slave_single> in library <plbv46_slave_single_v1_01_a> (architecture <implementation>) with generics.
	C_ARD_ADDR_RANGE_ARRAY = ("0000000000000000000000000000000001110000000000000000000000000000",
	                          "0000000000000000000000000000000001110000000000000000000011111111",
	                          "0000000000000000000000000000000001110000000000000000000100000000",
	                          "0000000000000000000000000000000001110000000000000000000111111111")
	C_ARD_NUM_CE_ARRAY = (1,8)
	C_BUS2CORE_CLK_RATIO = 1
	C_FAMILY = "virtex4"
	C_INCLUDE_DPHASE_TIMER = 1
	C_SIPIF_DWIDTH = 32
	C_SPLB_AWIDTH = 32
	C_SPLB_DWIDTH = 32
	C_SPLB_MID_WIDTH = 2
	C_SPLB_NUM_MASTERS = 8
	C_SPLB_P2P = 0

Analyzing hierarchy for entity <plb_slave_attachment> in library <plbv46_slave_single_v1_01_a> (architecture <implementation>) with generics.
	C_ARD_ADDR_RANGE_ARRAY = ("0000000000000000000000000000000001110000000000000000000000000000",
	                          "0000000000000000000000000000000001110000000000000000000011111111",
	                          "0000000000000000000000000000000001110000000000000000000100000000",
	                          "0000000000000000000000000000000001110000000000000000000111111111")
	C_ARD_NUM_CE_ARRAY = (1,8)
	C_BUS2CORE_CLK_RATIO = 1
	C_DPHASE_TIMEOUT = 128
	C_FAMILY = "virtex4"
	C_INCLUDE_DPHASE_TIMER = 1
	C_IPIF_ABUS_WIDTH = 32
	C_IPIF_DBUS_WIDTH = 32
	C_PLB_MID_WIDTH = 2
	C_PLB_NUM_MASTERS = 8
	C_SPLB_P2P = 0

Analyzing hierarchy for entity <plb_address_decoder> in library <plbv46_slave_single_v1_01_a> (architecture <IMP>) with generics.
	C_ARD_ADDR_RANGE_ARRAY = ("0000000000000000000000000000000001110000000000000000000000000000",
	                          "0000000000000000000000000000000001110000000000000000000011111111",
	                          "0000000000000000000000000000000001110000000000000000000100000000",
	                          "0000000000000000000000000000000001110000000000000000000111111111")
	C_ARD_NUM_CE_ARRAY = (1,8)
	C_BUS_AWIDTH = 32
	C_FAMILY = "nofamily"
	C_SPLB_P2P = 0

Analyzing hierarchy for entity <counter_f> in library <proc_common_v3_00_a> (architecture <imp>) with generics.
	C_FAMILY = "nofamily"
	C_NUM_BITS = 8

Analyzing hierarchy for entity <pselect_f> in library <proc_common_v3_00_a> (architecture <imp>) with generics.
	C_AB = 24
	C_AW = 32
	C_BAR = "01110000000000000000000000000000"
	C_FAMILY = "nofamily"

Analyzing hierarchy for entity <pselect_f> in library <proc_common_v3_00_a> (architecture <imp>) with generics.
	C_AB = 24
	C_AW = 32
	C_BAR = "01110000000000000000000100000000"
	C_FAMILY = "nofamily"

Analyzing hierarchy for entity <pselect_f> in library <proc_common_v3_00_a> (architecture <imp>) with generics.
	C_AB = 3
	C_AW = 3
	C_BAR = "000"
	C_FAMILY = "nofamily"

Analyzing hierarchy for entity <pselect_f> in library <proc_common_v3_00_a> (architecture <imp>) with generics.
	C_AB = 3
	C_AW = 3
	C_BAR = "001"
	C_FAMILY = "nofamily"

Analyzing hierarchy for entity <pselect_f> in library <proc_common_v3_00_a> (architecture <imp>) with generics.
	C_AB = 3
	C_AW = 3
	C_BAR = "010"
	C_FAMILY = "nofamily"

Analyzing hierarchy for entity <pselect_f> in library <proc_common_v3_00_a> (architecture <imp>) with generics.
	C_AB = 3
	C_AW = 3
	C_BAR = "011"
	C_FAMILY = "nofamily"

Analyzing hierarchy for entity <pselect_f> in library <proc_common_v3_00_a> (architecture <imp>) with generics.
	C_AB = 3
	C_AW = 3
	C_BAR = "100"
	C_FAMILY = "nofamily"

Analyzing hierarchy for entity <pselect_f> in library <proc_common_v3_00_a> (architecture <imp>) with generics.
	C_AB = 3
	C_AW = 3
	C_BAR = "101"
	C_FAMILY = "nofamily"

Analyzing hierarchy for entity <pselect_f> in library <proc_common_v3_00_a> (architecture <imp>) with generics.
	C_AB = 3
	C_AW = 3
	C_BAR = "110"
	C_FAMILY = "nofamily"

Analyzing hierarchy for entity <pselect_f> in library <proc_common_v3_00_a> (architecture <imp>) with generics.
	C_AB = 3
	C_AW = 3
	C_BAR = "111"
	C_FAMILY = "nofamily"

Analyzing hierarchy for entity <or_gate128> in library <proc_common_v3_00_a> (architecture <imp>) with generics.
	C_BUS_WIDTH = 1
	C_OR_WIDTH = 2
	C_USE_LUT_OR = false

Analyzing hierarchy for entity <or_muxcy> in library <proc_common_v3_00_a> (architecture <implementation>) with generics.
	C_NUM_BITS = 2


=========================================================================
*                            HDL Analysis                               *
=========================================================================
Analyzing generic Entity <plbv46_slave_single> in library <plbv46_slave_single_v1_01_a> (Architecture <implementation>).
	C_ARD_ADDR_RANGE_ARRAY = ("0000000000000000000000000000000001110000000000000000000000000000",
	                          "0000000000000000000000000000000001110000000000000000000011111111",
	                          "0000000000000000000000000000000001110000000000000000000100000000",
	                          "0000000000000000000000000000000001110000000000000000000111111111")
	C_ARD_NUM_CE_ARRAY = (1,8)
	C_BUS2CORE_CLK_RATIO = 1
	C_FAMILY = "virtex4"
	C_INCLUDE_DPHASE_TIMER = 1
	C_SIPIF_DWIDTH = 32
	C_SPLB_AWIDTH = 32
	C_SPLB_DWIDTH = 32
	C_SPLB_MID_WIDTH = 2
	C_SPLB_NUM_MASTERS = 8
	C_SPLB_P2P = 0
Entity <plbv46_slave_single> analyzed. Unit <plbv46_slave_single> generated.

Analyzing generic Entity <plb_slave_attachment> in library <plbv46_slave_single_v1_01_a> (Architecture <implementation>).
	C_ARD_ADDR_RANGE_ARRAY = ("0000000000000000000000000000000001110000000000000000000000000000",
	                          "0000000000000000000000000000000001110000000000000000000011111111",
	                          "0000000000000000000000000000000001110000000000000000000100000000",
	                          "0000000000000000000000000000000001110000000000000000000111111111")
	C_ARD_NUM_CE_ARRAY = (1,8)
	C_BUS2CORE_CLK_RATIO = 1
	C_DPHASE_TIMEOUT = 128
	C_FAMILY = "virtex4"
	C_INCLUDE_DPHASE_TIMER = 1
	C_IPIF_ABUS_WIDTH = 32
	C_IPIF_DBUS_WIDTH = 32
	C_PLB_MID_WIDTH = 2
	C_PLB_NUM_MASTERS = 8
	C_SPLB_P2P = 0
WARNING:Xst:753 - "C:/Xilinx/12.4/ISE_DS/EDK/hw/XilinxProcessorIPLib/pcores/plbv46_slave_single_v1_01_a/hdl/vhdl/plb_slave_attachment.vhd" line 1201: Unconnected output port 'Count_Out' of component 'counter_f'.
INFO:Xst:2679 - Register <sl_mbusy_i<4>> in unit <plb_slave_attachment> has a constant value of 0 during circuit operation. The register is replaced by logic.
INFO:Xst:2679 - Register <sl_mbusy_i<5>> in unit <plb_slave_attachment> has a constant value of 0 during circuit operation. The register is replaced by logic.
INFO:Xst:2679 - Register <sl_mbusy_i<6>> in unit <plb_slave_attachment> has a constant value of 0 during circuit operation. The register is replaced by logic.
INFO:Xst:2679 - Register <sl_mbusy_i<7>> in unit <plb_slave_attachment> has a constant value of 0 during circuit operation. The register is replaced by logic.
INFO:Xst:2679 - Register <sl_mrderr_i<4>> in unit <plb_slave_attachment> has a constant value of 0 during circuit operation. The register is replaced by logic.
INFO:Xst:2679 - Register <sl_mrderr_i<5>> in unit <plb_slave_attachment> has a constant value of 0 during circuit operation. The register is replaced by logic.
INFO:Xst:2679 - Register <sl_mrderr_i<6>> in unit <plb_slave_attachment> has a constant value of 0 during circuit operation. The register is replaced by logic.
INFO:Xst:2679 - Register <sl_mrderr_i<7>> in unit <plb_slave_attachment> has a constant value of 0 during circuit operation. The register is replaced by logic.
INFO:Xst:2679 - Register <sl_mwrerr_i<4>> in unit <plb_slave_attachment> has a constant value of 0 during circuit operation. The register is replaced by logic.
INFO:Xst:2679 - Register <sl_mwrerr_i<5>> in unit <plb_slave_attachment> has a constant value of 0 during circuit operation. The register is replaced by logic.
INFO:Xst:2679 - Register <sl_mwrerr_i<6>> in unit <plb_slave_attachment> has a constant value of 0 during circuit operation. The register is replaced by logic.
INFO:Xst:2679 - Register <sl_mwrerr_i<7>> in unit <plb_slave_attachment> has a constant value of 0 during circuit operation. The register is replaced by logic.
Entity <plb_slave_attachment> analyzed. Unit <plb_slave_attachment> generated.

Analyzing generic Entity <plb_address_decoder> in library <plbv46_slave_single_v1_01_a> (Architecture <IMP>).
	C_ARD_ADDR_RANGE_ARRAY = ("0000000000000000000000000000000001110000000000000000000000000000",
	                          "0000000000000000000000000000000001110000000000000000000011111111",
	                          "0000000000000000000000000000000001110000000000000000000100000000",
	                          "0000000000000000000000000000000001110000000000000000000111111111")
	C_ARD_NUM_CE_ARRAY = (1,8)
	C_BUS_AWIDTH = 32
	C_FAMILY = "nofamily"
	C_SPLB_P2P = 0
Entity <plb_address_decoder> analyzed. Unit <plb_address_decoder> generated.

Analyzing generic Entity <pselect_f.1> in library <proc_common_v3_00_a> (Architecture <imp>).
	C_AB = 24
	C_AW = 32
	C_BAR = "01110000000000000000000000000000"
	C_FAMILY = "nofamily"
Entity <pselect_f.1> analyzed. Unit <pselect_f.1> generated.

Analyzing generic Entity <pselect_f.2> in library <proc_common_v3_00_a> (Architecture <imp>).
	C_AB = 24
	C_AW = 32
	C_BAR = "01110000000000000000000100000000"
	C_FAMILY = "nofamily"
Entity <pselect_f.2> analyzed. Unit <pselect_f.2> generated.

Analyzing generic Entity <pselect_f.3> in library <proc_common_v3_00_a> (Architecture <imp>).
	C_AB = 3
	C_AW = 3
	C_BAR = "000"
	C_FAMILY = "nofamily"
Entity <pselect_f.3> analyzed. Unit <pselect_f.3> generated.

Analyzing generic Entity <pselect_f.4> in library <proc_common_v3_00_a> (Architecture <imp>).
	C_AB = 3
	C_AW = 3
	C_BAR = "001"
	C_FAMILY = "nofamily"
Entity <pselect_f.4> analyzed. Unit <pselect_f.4> generated.

Analyzing generic Entity <pselect_f.5> in library <proc_common_v3_00_a> (Architecture <imp>).
	C_AB = 3
	C_AW = 3
	C_BAR = "010"
	C_FAMILY = "nofamily"
Entity <pselect_f.5> analyzed. Unit <pselect_f.5> generated.

Analyzing generic Entity <pselect_f.6> in library <proc_common_v3_00_a> (Architecture <imp>).
	C_AB = 3
	C_AW = 3
	C_BAR = "011"
	C_FAMILY = "nofamily"
Entity <pselect_f.6> analyzed. Unit <pselect_f.6> generated.

Analyzing generic Entity <pselect_f.7> in library <proc_common_v3_00_a> (Architecture <imp>).
	C_AB = 3
	C_AW = 3
	C_BAR = "100"
	C_FAMILY = "nofamily"
Entity <pselect_f.7> analyzed. Unit <pselect_f.7> generated.

Analyzing generic Entity <pselect_f.8> in library <proc_common_v3_00_a> (Architecture <imp>).
	C_AB = 3
	C_AW = 3
	C_BAR = "101"
	C_FAMILY = "nofamily"
Entity <pselect_f.8> analyzed. Unit <pselect_f.8> generated.

Analyzing generic Entity <pselect_f.9> in library <proc_common_v3_00_a> (Architecture <imp>).
	C_AB = 3
	C_AW = 3
	C_BAR = "110"
	C_FAMILY = "nofamily"
Entity <pselect_f.9> analyzed. Unit <pselect_f.9> generated.

Analyzing generic Entity <pselect_f.10> in library <proc_common_v3_00_a> (Architecture <imp>).
	C_AB = 3
	C_AW = 3
	C_BAR = "111"
	C_FAMILY = "nofamily"
Entity <pselect_f.10> analyzed. Unit <pselect_f.10> generated.

Analyzing generic Entity <or_gate128> in library <proc_common_v3_00_a> (Architecture <imp>).
	C_BUS_WIDTH = 1
	C_OR_WIDTH = 2
	C_USE_LUT_OR = false
Entity <or_gate128> analyzed. Unit <or_gate128> generated.

Analyzing generic Entity <or_muxcy> in library <proc_common_v3_00_a> (Architecture <implementation>).
	C_NUM_BITS = 2
Entity <or_muxcy> analyzed. Unit <or_muxcy> generated.

Analyzing generic Entity <counter_f> in library <proc_common_v3_00_a> (Architecture <imp>).
	C_FAMILY = "nofamily"
	C_NUM_BITS = 8
Entity <counter_f> analyzed. Unit <counter_f> generated.


=========================================================================
*                           HDL Synthesis                               *
=========================================================================

Performing bidirectional port resolution...

Synthesizing Unit <counter_f>.
    Related source file is "C:/Xilinx/12.4/ISE_DS/EDK/hw/XilinxProcessorIPLib/pcores/proc_common_v3_00_a/hdl/vhdl/counter_f.vhd".
    Found 9-bit register for signal <icount_out>.
    Found 9-bit subtractor for signal <icount_out$sub0000> created at line 297.
    Summary:
	inferred   9 D-type flip-flop(s).
	inferred   1 Adder/Subtractor(s).
Unit <counter_f> synthesized.


Synthesizing Unit <pselect_f_1>.
    Related source file is "C:/Xilinx/12.4/ISE_DS/EDK/hw/XilinxProcessorIPLib/pcores/proc_common_v3_00_a/hdl/vhdl/pselect_f.vhd".
WARNING:Xst:647 - Input <A<24:31>> is never used. This port will be preserved and left unconnected if it belongs to a top-level block or it belongs to a sub-block and the hierarchy of this sub-block is preserved.
Unit <pselect_f_1> synthesized.


Synthesizing Unit <pselect_f_2>.
    Related source file is "C:/Xilinx/12.4/ISE_DS/EDK/hw/XilinxProcessorIPLib/pcores/proc_common_v3_00_a/hdl/vhdl/pselect_f.vhd".
WARNING:Xst:647 - Input <A<24:31>> is never used. This port will be preserved and left unconnected if it belongs to a top-level block or it belongs to a sub-block and the hierarchy of this sub-block is preserved.
Unit <pselect_f_2> synthesized.


Synthesizing Unit <pselect_f_3>.
    Related source file is "C:/Xilinx/12.4/ISE_DS/EDK/hw/XilinxProcessorIPLib/pcores/proc_common_v3_00_a/hdl/vhdl/pselect_f.vhd".
Unit <pselect_f_3> synthesized.


Synthesizing Unit <pselect_f_4>.
    Related source file is "C:/Xilinx/12.4/ISE_DS/EDK/hw/XilinxProcessorIPLib/pcores/proc_common_v3_00_a/hdl/vhdl/pselect_f.vhd".
Unit <pselect_f_4> synthesized.


Synthesizing Unit <pselect_f_5>.
    Related source file is "C:/Xilinx/12.4/ISE_DS/EDK/hw/XilinxProcessorIPLib/pcores/proc_common_v3_00_a/hdl/vhdl/pselect_f.vhd".
Unit <pselect_f_5> synthesized.


Synthesizing Unit <pselect_f_6>.
    Related source file is "C:/Xilinx/12.4/ISE_DS/EDK/hw/XilinxProcessorIPLib/pcores/proc_common_v3_00_a/hdl/vhdl/pselect_f.vhd".
Unit <pselect_f_6> synthesized.


Synthesizing Unit <pselect_f_7>.
    Related source file is "C:/Xilinx/12.4/ISE_DS/EDK/hw/XilinxProcessorIPLib/pcores/proc_common_v3_00_a/hdl/vhdl/pselect_f.vhd".
Unit <pselect_f_7> synthesized.


Synthesizing Unit <pselect_f_8>.
    Related source file is "C:/Xilinx/12.4/ISE_DS/EDK/hw/XilinxProcessorIPLib/pcores/proc_common_v3_00_a/hdl/vhdl/pselect_f.vhd".
Unit <pselect_f_8> synthesized.


Synthesizing Unit <pselect_f_9>.
    Related source file is "C:/Xilinx/12.4/ISE_DS/EDK/hw/XilinxProcessorIPLib/pcores/proc_common_v3_00_a/hdl/vhdl/pselect_f.vhd".
Unit <pselect_f_9> synthesized.


Synthesizing Unit <pselect_f_10>.
    Related source file is "C:/Xilinx/12.4/ISE_DS/EDK/hw/XilinxProcessorIPLib/pcores/proc_common_v3_00_a/hdl/vhdl/pselect_f.vhd".
Unit <pselect_f_10> synthesized.


Synthesizing Unit <or_muxcy>.
    Related source file is "C:/Xilinx/12.4/ISE_DS/EDK/hw/XilinxProcessorIPLib/pcores/proc_common_v3_00_a/hdl/vhdl/or_muxcy.vhd".
Unit <or_muxcy> synthesized.


Synthesizing Unit <or_gate128>.
    Related source file is "C:/Xilinx/12.4/ISE_DS/EDK/hw/XilinxProcessorIPLib/pcores/proc_common_v3_00_a/hdl/vhdl/or_gate128.vhd".
WARNING:Xst:1780 - Signal <test> is never used or assigned. This unconnected signal will be trimmed during the optimization process.
Unit <or_gate128> synthesized.


Synthesizing Unit <plb_address_decoder>.
    Related source file is "C:/Xilinx/12.4/ISE_DS/EDK/hw/XilinxProcessorIPLib/pcores/plbv46_slave_single_v1_01_a/hdl/vhdl/plb_address_decoder.vhd".
WARNING:Xst:647 - Input <Bus_RNW_Erly> is never used. This port will be preserved and left unconnected if it belongs to a top-level block or it belongs to a sub-block and the hierarchy of this sub-block is preserved.
WARNING:Xst:647 - Input <Address_In_Erly> is never used. This port will be preserved and left unconnected if it belongs to a top-level block or it belongs to a sub-block and the hierarchy of this sub-block is preserved.
WARNING:Xst:647 - Input <Address_Valid_Erly> is never used. This port will be preserved and left unconnected if it belongs to a top-level block or it belongs to a sub-block and the hierarchy of this sub-block is preserved.
WARNING:Xst:646 - Signal <cs_s_h_clr> is assigned but never used. This unconnected signal will be trimmed during the optimization process.
WARNING:Xst:1780 - Signal <cs_out_s_h0<0>> is never used or assigned. This unconnected signal will be trimmed during the optimization process.
WARNING:Xst:1780 - Signal <cs_out_s_h<1>> is never used or assigned. This unconnected signal will be trimmed during the optimization process.
WARNING:Xst:646 - Signal <cs_ce_clr> is assigned but never used. This unconnected signal will be trimmed during the optimization process.
WARNING:Xst:646 - Signal <addr_out_s_h<3:4>> is assigned but never used. This unconnected signal will be trimmed during the optimization process.
WARNING:Xst:646 - Signal <addr_match_clr> is assigned but never used. This unconnected signal will be trimmed during the optimization process.
    Found 5-bit register for signal <addr_out_s_h>.
    Found 2-bit register for signal <cs_out_i>.
    Found 1-bit register for signal <cs_out_s_h<0>>.
    Found 1-bit register for signal <cs_out_s_h0<1>>.
    Found 1-bit register for signal <decode_hit_reg>.
    Found 9-bit register for signal <rdce_out_i>.
    Found 1-bit register for signal <rnw_s_h>.
    Found 9-bit register for signal <wrce_out_i>.
    Summary:
	inferred  29 D-type flip-flop(s).
Unit <plb_address_decoder> synthesized.


Synthesizing Unit <plb_slave_attachment>.
    Related source file is "C:/Xilinx/12.4/ISE_DS/EDK/hw/XilinxProcessorIPLib/pcores/plbv46_slave_single_v1_01_a/hdl/vhdl/plb_slave_attachment.vhd".
WARNING:Xst:647 - Input <PLB_UABus> is never used. This port will be preserved and left unconnected if it belongs to a top-level block or it belongs to a sub-block and the hierarchy of this sub-block is preserved.
WARNING:Xst:1780 - Signal <valid_plb_type> is never used or assigned. This unconnected signal will be trimmed during the optimization process.
WARNING:Xst:1780 - Signal <valid_plb_size> is never used or assigned. This unconnected signal will be trimmed during the optimization process.
WARNING:Xst:646 - Signal <start_data_phase> is assigned but never used. This unconnected signal will be trimmed during the optimization process.
WARNING:Xst:1780 - Signal <sl_wrdack_ns> is never used or assigned. This unconnected signal will be trimmed during the optimization process.
WARNING:Xst:1780 - Signal <sl_wrcomp_ns> is never used or assigned. This unconnected signal will be trimmed during the optimization process.
WARNING:Xst:1780 - Signal <sl_wait_ns> is never used or assigned. This unconnected signal will be trimmed during the optimization process.
WARNING:Xst:1780 - Signal <sl_rddack_ns> is never used or assigned. This unconnected signal will be trimmed during the optimization process.
WARNING:Xst:1780 - Signal <sl_rdcomp_ns> is never used or assigned. This unconnected signal will be trimmed during the optimization process.
WARNING:Xst:1780 - Signal <sl_data_ack> is never used or assigned. This unconnected signal will be trimmed during the optimization process.
WARNING:Xst:1780 - Signal <set_sl_busy_ns> is never used or assigned. This unconnected signal will be trimmed during the optimization process.
WARNING:Xst:1780 - Signal <rd_ce_ld_enable> is never used or assigned. This unconnected signal will be trimmed during the optimization process.
WARNING:Xst:1780 - Signal <clear_sl_rd_busy_ns> is never used or assigned. This unconnected signal will be trimmed during the optimization process.
WARNING:Xst:1780 - Signal <clear_sl_rd_busy> is never used or assigned. This unconnected signal will be trimmed during the optimization process.
WARNING:Xst:1780 - Signal <clear_sl_busy_ns> is never used or assigned. This unconnected signal will be trimmed during the optimization process.
WARNING:Xst:1780 - Signal <clear_rd_ce> is never used or assigned. This unconnected signal will be trimmed during the optimization process.
    Register <sl_rdcomp_i> equivalent to <rd_clear_sl_busy> has been removed
    Register <sl_rddack_i> equivalent to <rd_clear_sl_busy> has been removed
    Register <sl_addrack_i> equivalent to <set_sl_busy> has been removed
    Register <sl_wrdack_i> equivalent to <sl_wrcomp_i> has been removed
    Register <wr_clear_sl_busy> equivalent to <sl_wrcomp_i> has been removed
    Found 1-bit register for signal <addr_cntl_cs<0>>.
    Found 1-bit register for signal <addr_cycle_flush>.
    Found 32-bit register for signal <bus2ip_addr_i>.
    Found 4-bit register for signal <bus2ip_be_i>.
    Found 1-bit register for signal <bus2ip_rnw_i>.
    Found 1-bit register for signal <data_timeout>.
    Found 2-bit register for signal <master_id>.
    Found 32-bit register for signal <plb_abus_reg>.
    Found 4-bit register for signal <plb_be_reg>.
    Found 2-bit register for signal <plb_masterid_reg>.
    Found 1-bit register for signal <plb_pavalid_reg>.
    Found 1-bit register for signal <plb_rnw_reg>.
    Found 4-bit register for signal <plb_size_reg>.
    Found 3-bit register for signal <plb_type_reg>.
    Found 32-bit register for signal <plb_wrdbus_reg>.
    Found 1-bit register for signal <rd_clear_sl_busy>.
    Found 1-bit register for signal <set_sl_busy>.
    Found 1-bit register for signal <sl_busy>.
    Found 4-bit register for signal <sl_mbusy_i<0:3>>.
    Found 4-bit register for signal <sl_mrderr_i<0:3>>.
    Found 4-bit register for signal <sl_mwrerr_i<0:3>>.
    Found 32-bit register for signal <sl_rddbus_i>.
    Found 1-bit register for signal <sl_rearbitrate_i>.
    Found 1-bit register for signal <sl_wrcomp_i>.
    Summary:
	inferred 170 D-type flip-flop(s).
Unit <plb_slave_attachment> synthesized.


Synthesizing Unit <plbv46_slave_single>.
    Related source file is "C:/Xilinx/12.4/ISE_DS/EDK/hw/XilinxProcessorIPLib/pcores/plbv46_slave_single_v1_01_a/hdl/vhdl/plbv46_slave_single.vhd".
WARNING:Xst:647 - Input <PLB_wrPrim> is never used. This port will be preserved and left unconnected if it belongs to a top-level block or it belongs to a sub-block and the hierarchy of this sub-block is preserved.
WARNING:Xst:647 - Input <PLB_MSize> is never used. This port will be preserved and left unconnected if it belongs to a top-level block or it belongs to a sub-block and the hierarchy of this sub-block is preserved.
WARNING:Xst:647 - Input <PLB_rdBurst> is never used. This port will be preserved and left unconnected if it belongs to a top-level block or it belongs to a sub-block and the hierarchy of this sub-block is preserved.
WARNING:Xst:647 - Input <PLB_SAValid> is never used. This port will be preserved and left unconnected if it belongs to a top-level block or it belongs to a sub-block and the hierarchy of this sub-block is preserved.
WARNING:Xst:647 - Input <PLB_wrPendReq> is never used. This port will be preserved and left unconnected if it belongs to a top-level block or it belongs to a sub-block and the hierarchy of this sub-block is preserved.
WARNING:Xst:647 - Input <PLB_wrPendPri> is never used. This port will be preserved and left unconnected if it belongs to a top-level block or it belongs to a sub-block and the hierarchy of this sub-block is preserved.
WARNING:Xst:647 - Input <PLB_rdPendReq> is never used. This port will be preserved and left unconnected if it belongs to a top-level block or it belongs to a sub-block and the hierarchy of this sub-block is preserved.
WARNING:Xst:647 - Input <PLB_rdPendPri> is never used. This port will be preserved and left unconnected if it belongs to a top-level block or it belongs to a sub-block and the hierarchy of this sub-block is preserved.
WARNING:Xst:647 - Input <PLB_busLock> is never used. This port will be preserved and left unconnected if it belongs to a top-level block or it belongs to a sub-block and the hierarchy of this sub-block is preserved.
WARNING:Xst:647 - Input <PLB_reqPri> is never used. This port will be preserved and left unconnected if it belongs to a top-level block or it belongs to a sub-block and the hierarchy of this sub-block is preserved.
WARNING:Xst:647 - Input <PLB_lockErr> is never used. This port will be preserved and left unconnected if it belongs to a top-level block or it belongs to a sub-block and the hierarchy of this sub-block is preserved.
WARNING:Xst:647 - Input <PLB_wrBurst> is never used. This port will be preserved and left unconnected if it belongs to a top-level block or it belongs to a sub-block and the hierarchy of this sub-block is preserved.
WARNING:Xst:647 - Input <PLB_TAttribute> is never used. This port will be preserved and left unconnected if it belongs to a top-level block or it belongs to a sub-block and the hierarchy of this sub-block is preserved.
WARNING:Xst:647 - Input <PLB_rdPrim> is never used. This port will be preserved and left unconnected if it belongs to a top-level block or it belongs to a sub-block and the hierarchy of this sub-block is preserved.
WARNING:Xst:647 - Input <PLB_abort> is never used. This port will be preserved and left unconnected if it belongs to a top-level block or it belongs to a sub-block and the hierarchy of this sub-block is preserved.
Unit <plbv46_slave_single> synthesized.


=========================================================================
HDL Synthesis Report

Macro Statistics
# Adders/Subtractors                                   : 1
 9-bit subtractor                                      : 1
# Registers                                            : 59
 1-bit register                                        : 47
 2-bit register                                        : 2
 3-bit register                                        : 1
 32-bit register                                       : 4
 4-bit register                                        : 3
 5-bit register                                        : 1
 9-bit register                                        : 1

=========================================================================

=========================================================================
*                       Advanced HDL Synthesis                          *
=========================================================================

WARNING:Xst:2677 - Node <addr_out_s_h_4> of sequential type is unconnected in block <I_DECODER>.
WARNING:Xst:2677 - Node <addr_out_s_h_3> of sequential type is unconnected in block <I_DECODER>.
WARNING:Xst:2677 - Node <addr_out_s_h_4> of sequential type is unconnected in block <plb_address_decoder>.
WARNING:Xst:2677 - Node <addr_out_s_h_3> of sequential type is unconnected in block <plb_address_decoder>.

=========================================================================
Advanced HDL Synthesis Report

Macro Statistics
# Adders/Subtractors                                   : 1
 9-bit subtractor                                      : 1
# Registers                                            : 206
 Flip-Flops                                            : 206

=========================================================================

=========================================================================
*                         Low Level Synthesis                           *
=========================================================================
INFO:Xst:2261 - The FF/Latch <addr_cntl_cs_0> in Unit <plb_slave_attachment> is equivalent to the following FF/Latch, which will be removed : <addr_cycle_flush> 

Optimizing unit <plbv46_slave_single> ...

Optimizing unit <counter_f> ...

Optimizing unit <plb_address_decoder> ...

Optimizing unit <plb_slave_attachment> ...

Mapping all equations...
Building and optimizing final netlist ...
Found area constraint ratio of 100 (+ 5) on block plbv46_slave_single, actual ratio is 1.

Final Macro Processing ...

=========================================================================
Final Register Report

Macro Statistics
# Registers                                            : 205
 Flip-Flops                                            : 205

=========================================================================

=========================================================================
*                           Partition Report                            *
=========================================================================

Partition Implementation Status
-------------------------------

  No Partitions were found in this design.

-------------------------------

=========================================================================
*                            Final Report                               *
=========================================================================
Final Results
RTL Top Level Output File Name     : plbv46_slave_single.ngr
Top Level Output File Name         : plbv46_slave_single
Output Format                      : NGC
Optimization Goal                  : Speed
Keep Hierarchy                     : No

Design Statistics
# IOs                              : 352

Cell Usage :
# BELS                             : 75
#      GND                         : 1
#      LUT2                        : 8
#      LUT2_D                      : 3
#      LUT2_L                      : 2
#      LUT3                        : 21
#      LUT3_D                      : 1
#      LUT3_L                      : 1
#      LUT4                        : 26
#      LUT4_D                      : 3
#      LUT4_L                      : 2
#      MUXCY                       : 6
#      VCC                         : 1
# FlipFlops/Latches                : 205
#      FD                          : 1
#      FDR                         : 125
#      FDRE                        : 70
#      FDRS                        : 2
#      FDS                         : 7
# Clock Buffers                    : 1
#      BUFG                        : 1
# IO Buffers                       : 286
#      IBUF                        : 116
#      OBUF                        : 170
=========================================================================

Device utilization summary:
---------------------------

Selected Device : 3s1200efg320-4 

 Number of Slices:                      112  out of   8672     1%  
 Number of Slice Flip Flops:            173  out of  17344     0%  
 Number of 4 input LUTs:                 67  out of  17344     0%  
 Number of IOs:                         352
 Number of bonded IOBs:                 286  out of    250   114% (*) 
    IOB Flip Flops:                      32
 Number of GCLKs:                         1  out of     24     4%  

WARNING:Xst:1336 -  (*) More than 100% of Device resources are used

---------------------------
Partition Resource Summary:
---------------------------

  No Partitions were found in this design.

---------------------------


=========================================================================
TIMING REPORT

NOTE: THESE TIMING NUMBERS ARE ONLY A SYNTHESIS ESTIMATE.
      FOR ACCURATE TIMING INFORMATION PLEASE REFER TO THE TRACE REPORT
      GENERATED AFTER PLACE-and-ROUTE.

Clock Information:
------------------
-----------------------------------+------------------------+-------+
Clock Signal                       | Clock buffer(FF name)  | Load  |
-----------------------------------+------------------------+-------+
SPLB_Clk                           | IBUF+BUFG              | 205   |
-----------------------------------+------------------------+-------+

Asynchronous Control Signals Information:
----------------------------------------
No asynchronous control signals found in this design

Timing Summary:
---------------
Speed Grade: -4

   Minimum period: 5.040ns (Maximum Frequency: 198.413MHz)
   Minimum input arrival time before clock: 5.980ns
   Maximum output required time after clock: 5.135ns
   Maximum combinational path delay: 5.772ns

Timing Detail:
--------------
All values displayed in nanoseconds (ns)

=========================================================================
Timing constraint: Default period analysis for Clock 'SPLB_Clk'
  Clock period: 5.040ns (frequency: 198.413MHz)
  Total number of paths / destination ports: 1065 / 269
-------------------------------------------------------------------------
Delay:               5.040ns (Levels of Logic = 2)
  Source:            I_SLAVE_ATTACHMENT/data_timeout (FF)
  Destination:       I_SLAVE_ATTACHMENT/I_DECODER/rdce_out_i_0 (FF)
  Source Clock:      SPLB_Clk rising
  Destination Clock: SPLB_Clk rising

  Data Path: I_SLAVE_ATTACHMENT/data_timeout to I_SLAVE_ATTACHMENT/I_DECODER/rdce_out_i_0
                                Gate     Net
    Cell:in->out      fanout   Delay   Delay  Logical Name (Net Name)
    ----------------------------------------  ------------
     FDR:C->Q              9   0.591   0.855  I_SLAVE_ATTACHMENT/data_timeout (I_SLAVE_ATTACHMENT/data_timeout)
     LUT3_D:I2->O          1   0.704   0.455  I_SLAVE_ATTACHMENT/data_ack1 (I_SLAVE_ATTACHMENT/data_ack)
     LUT3:I2->O            9   0.704   0.820  I_SLAVE_ATTACHMENT/I_DECODER/rdce_clr1 (I_SLAVE_ATTACHMENT/I_DECODER/rdce_clr)
     FDRE:R                    0.911          I_SLAVE_ATTACHMENT/I_DECODER/rdce_out_i_0
    ----------------------------------------
    Total                      5.040ns (2.910ns logic, 2.130ns route)
                                       (57.7% logic, 42.3% route)

=========================================================================
Timing constraint: Default OFFSET IN BEFORE for Clock 'SPLB_Clk'
  Total number of paths / destination ports: 491 / 327
-------------------------------------------------------------------------
Offset:              5.980ns (Levels of Logic = 3)
  Source:            SPLB_Rst (PAD)
  Destination:       I_SLAVE_ATTACHMENT/sl_mrderr_i_2 (FF)
  Destination Clock: SPLB_Clk rising

  Data Path: SPLB_Rst to I_SLAVE_ATTACHMENT/sl_mrderr_i_2
                                Gate     Net
    Cell:in->out      fanout   Delay   Delay  Logical Name (Net Name)
    ----------------------------------------  ------------
     IBUF:I->O            95   1.218   1.457  SPLB_Rst_IBUF (Bus2IP_Reset_OBUF)
     LUT4_D:I0->O          3   0.704   0.566  I_SLAVE_ATTACHMENT/sl_mwrerr_i_0_or000021 (I_SLAVE_ATTACHMENT/N4)
     LUT3:I2->O            1   0.704   0.420  I_SLAVE_ATTACHMENT/sl_mwrerr_i_3_or00001 (I_SLAVE_ATTACHMENT/sl_mwrerr_i_3_or0000)
     FDR:R                     0.911          I_SLAVE_ATTACHMENT/sl_mwrerr_i_3
    ----------------------------------------
    Total                      5.980ns (3.537ns logic, 2.443ns route)
                                       (59.1% logic, 40.9% route)

=========================================================================
Timing constraint: Default OFFSET OUT AFTER for Clock 'SPLB_Clk'
  Total number of paths / destination ports: 139 / 139
-------------------------------------------------------------------------
Offset:              5.135ns (Levels of Logic = 1)
  Source:            I_SLAVE_ATTACHMENT/set_sl_busy (FF)
  Destination:       Sl_addrAck (PAD)
  Source Clock:      SPLB_Clk rising

  Data Path: I_SLAVE_ATTACHMENT/set_sl_busy to Sl_addrAck
                                Gate     Net
    Cell:in->out      fanout   Delay   Delay  Logical Name (Net Name)
    ----------------------------------------  ------------
     FDR:C->Q             63   0.591   1.272  I_SLAVE_ATTACHMENT/set_sl_busy (I_SLAVE_ATTACHMENT/set_sl_busy)
     OBUF:I->O                 3.272          Sl_addrAck_OBUF (Sl_addrAck)
    ----------------------------------------
    Total                      5.135ns (3.863ns logic, 1.272ns route)
                                       (75.2% logic, 24.8% route)

=========================================================================
Timing constraint: Default path analysis
  Total number of paths / destination ports: 2 / 2
-------------------------------------------------------------------------
Delay:               5.772ns (Levels of Logic = 2)
  Source:            SPLB_Rst (PAD)
  Destination:       Bus2IP_Reset (PAD)

  Data Path: SPLB_Rst to Bus2IP_Reset
                                Gate     Net
    Cell:in->out      fanout   Delay   Delay  Logical Name (Net Name)
    ----------------------------------------  ------------
     IBUF:I->O            95   1.218   1.282  SPLB_Rst_IBUF (Bus2IP_Reset_OBUF)
     OBUF:I->O                 3.272          Bus2IP_Reset_OBUF (Bus2IP_Reset)
    ----------------------------------------
    Total                      5.772ns (4.490ns logic, 1.282ns route)
                                       (77.8% logic, 22.2% route)

=========================================================================


Total REAL time to Xst completion: 8.00 secs
Total CPU time to Xst completion: 8.65 secs
 
--> 

Total memory usage is 432936 kilobytes

Number of errors   :    0 (   0 filtered)
Number of warnings :   49 (   0 filtered)
Number of infos    :   13 (   0 filtered)

